#S(ROUTESTATS :START Fri, 19 Jan 2018 07:00:00 +0100 :DURATION 0d 19h 30m :SAILS (SPI HEAVY_GNK) :MIN-WIND 11.423105748731434d0 :MAX-WIND 22.65867304495322d0 :MIN-TWA 134 :MAX-TWA 159)
#S(ROUTESTATS :START Fri, 19 Jan 2018 08:00:00 +0100 :DURATION 0d 19h 10m :SAILS (SPI HEAVY_GNK) :MIN-WIND 11.43577386367367d0 :MAX-WIND 23.051304744347604d0 :MIN-TWA 134 :MAX-TWA 155)
#S(ROUTESTATS :START Fri, 19 Jan 2018 09:00:00 +0100 :DURATION 0d 18h 40m :SAILS (SPI HEAVY_GNK) :MIN-WIND 12.241113159371002d0 :MAX-WIND 24.272297498260848d0 :MIN-TWA 130 :MAX-TWA 160)
#S(ROUTESTATS :START Fri, 19 Jan 2018 10:00:00 +0100 :DURATION 0d 18h 30m :SAILS (SPI HEAVY_GNK) :MIN-WIND 13.158946907015897d0 :MAX-WIND 23.63108593058875d0 :MIN-TWA 130 :MAX-TWA 160)
#S(ROUTESTATS :START Fri, 19 Jan 2018 11:00:00 +0100 :DURATION 0d 18h 00m :SAILS (SPI HEAVY_GNK) :MIN-WIND 13.11106800437355d0 :MAX-WIND 24.538410881902717d0 :MIN-TWA 134 :MAX-TWA 160)
#S(ROUTESTATS :START Fri, 19 Jan 2018 12:00:00 +0100 :DURATION 0d 17h 20m :SAILS (SPI HEAVY_GNK) :MIN-WIND 14.016776784412983d0 :MAX-WIND 25.199947363057003d0 :MIN-TWA 137 :MAX-TWA 155)
#S(ROUTESTATS :START Fri, 19 Jan 2018 13:00:00 +0100 :DURATION 0d 17h 00m :SAILS (SPI HEAVY_GNK) :MIN-WIND 13.504203225171851d0 :MAX-WIND 24.44751098907736d0 :MIN-TWA 134 :MAX-TWA 159)
#S(ROUTESTATS :START Fri, 19 Jan 2018 14:00:00 +0100 :DURATION 0d 16h 40m :SAILS (SPI HEAVY_GNK) :MIN-WIND 14.450695528524669d0 :MAX-WIND 25.146543232866623d0 :MIN-TWA 139 :MAX-TWA 160)
#S(ROUTESTATS :START Fri, 19 Jan 2018 15:00:00 +0100 :DURATION 0d 16h 20m :SAILS (SPI HEAVY_GNK) :MIN-WIND 14.913084858839428d0 :MAX-WIND 28.729954789315183d0 :MIN-TWA 139 :MAX-TWA 160)
#S(ROUTESTATS :START Fri, 19 Jan 2018 16:00:00 +0100 :DURATION 0d 16h 00m :SAILS (SPI HEAVY_GNK) :MIN-WIND 15.084470666359197d0 :MAX-WIND 30.94327381033622d0 :MIN-TWA 130 :MAX-TWA 160)
#S(ROUTESTATS :START Fri, 19 Jan 2018 17:00:00 +0100 :DURATION 0d 16h 00m :SAILS (SPI HEAVY_GNK) :MIN-WIND 15.04700103556551d0 :MAX-WIND 31.495412077454706d0 :MIN-TWA 140 :MAX-TWA 160)
#S(ROUTESTATS :START Fri, 19 Jan 2018 18:00:00 +0100 :DURATION 0d 15h 40m :SAILS (SPI HEAVY_GNK) :MIN-WIND 15.488549837771643d0 :MAX-WIND 27.42099893931738d0 :MIN-TWA 139 :MAX-TWA 160)
#S(ROUTESTATS :START Fri, 19 Jan 2018 19:00:00 +0100 :DURATION 0d 15h 40m :SAILS (JIB SPI HEAVY_GNK) :MIN-WIND 15.975578052860993d0 :MAX-WIND 28.448603945558705d0 :MIN-TWA 113 :MAX-TWA 155)
#S(ROUTESTATS :START Fri, 19 Jan 2018 20:00:00 +0100 :DURATION 0d 15h 20m :SAILS (HEAVY_GNK) :MIN-WIND 16.697506394772383d0 :MAX-WIND 29.70384981363454d0 :MIN-TWA 140 :MAX-TWA 164)
#S(ROUTESTATS :START Fri, 19 Jan 2018 21:00:00 +0100 :DURATION 0d 15h 00m :SAILS (HEAVY_GNK) :MIN-WIND 18.64573029388581d0 :MAX-WIND 29.312165636960618d0 :MIN-TWA 135 :MAX-TWA 160)
#S(ROUTESTATS :START Fri, 19 Jan 2018 22:00:00 +0100 :DURATION 1d 00h 00m :SAILS (JIB SPI HEAVY_GNK) :MIN-WIND 5.939308360262379d0 :MAX-WIND 29.112098182932762d0 :MIN-TWA 89 :MAX-TWA 163)
#S(ROUTESTATS :START Fri, 19 Jan 2018 23:00:00 +0100 :DURATION 0d 14h 30m :SAILS (HEAVY_GNK) :MIN-WIND 20.749551445754523d0 :MAX-WIND 30.05311498396399d0 :MIN-TWA 138 :MAX-TWA 160)
#S(ROUTESTATS :START Sat, 20 Jan 2018 00:00:00 +0100 :DURATION 0d 14h 10m :SAILS (HEAVY_GNK) :MIN-WIND 20.586627168536527d0 :MAX-WIND 30.34551574539921d0 :MIN-TWA 139 :MAX-TWA 160)
#S(ROUTESTATS :START Sat, 20 Jan 2018 01:00:00 +0100 :DURATION 0d 14h 00m :SAILS (HEAVY_GNK) :MIN-WIND 20.294790042601736d0 :MAX-WIND 31.088747348036957d0 :MIN-TWA 140 :MAX-TWA 160)
#S(ROUTESTATS :START Sat, 20 Jan 2018 02:00:00 +0100 :DURATION 0d 14h 10m :SAILS (HEAVY_GNK) :MIN-WIND 19.8847687242678d0 :MAX-WIND 30.797806567762393d0 :MIN-TWA 140 :MAX-TWA 164)
#S(ROUTESTATS :START Sat, 20 Jan 2018 03:00:00 +0100 :DURATION 0d 14h 20m :SAILS (HEAVY_GNK) :MIN-WIND 18.887191414944244d0 :MAX-WIND 31.299677957893103d0 :MIN-TWA 139 :MAX-TWA 160)
#S(ROUTESTATS :START Sat, 20 Jan 2018 04:00:00 +0100 :DURATION 0d 14h 30m :SAILS (HEAVY_GNK) :MIN-WIND 17.98101184842929d0 :MAX-WIND 31.69553917559358d0 :MIN-TWA 139 :MAX-TWA 160)
#S(ROUTESTATS :START Sat, 20 Jan 2018 05:00:00 +0100 :DURATION 0d 14h 50m :SAILS (SPI HEAVY_GNK) :MIN-WIND 16.76584513563779d0 :MAX-WIND 31.440502530353815d0 :MIN-TWA 139 :MAX-TWA 160)
#S(ROUTESTATS :START Sat, 20 Jan 2018 06:00:00 +0100 :DURATION 0d 15h 20m :SAILS (SPI HEAVY_GNK) :MIN-WIND 16.461881185666037d0 :MAX-WIND 31.415218456307926d0 :MIN-TWA 128 :MAX-TWA 160)
#S(ROUTESTATS :START Sat, 20 Jan 2018 07:00:00 +0100 :DURATION 0d 15h 30m :SAILS (SPI HEAVY_GNK) :MIN-WIND 15.659986501393266d0 :MAX-WIND 31.32597819112724d0 :MIN-TWA 124 :MAX-TWA 160)
#S(ROUTESTATS :START Sat, 20 Jan 2018 08:00:00 +0100 :DURATION 0d 15h 40m :SAILS (SPI HEAVY_GNK) :MIN-WIND 15.879189850912935d0 :MAX-WIND 27.917143784832874d0 :MIN-TWA 130 :MAX-TWA 164)
#S(ROUTESTATS :START Sat, 20 Jan 2018 09:00:00 +0100 :DURATION 0d 15h 40m :SAILS (SPI HEAVY_GNK) :MIN-WIND 16.561388291518206d0 :MAX-WIND 26.206999644038614d0 :MIN-TWA 123 :MAX-TWA 160)
#S(ROUTESTATS :START Sat, 20 Jan 2018 10:00:00 +0100 :DURATION 0d 15h 40m :SAILS (SPI JIB HEAVY_GNK) :MIN-WIND 17.031374957350867d0 :MAX-WIND 23.5824924989704d0 :MIN-TWA 108 :MAX-TWA 160)
#S(ROUTESTATS :START Sat, 20 Jan 2018 11:00:00 +0100 :DURATION 0d 15h 40m :SAILS (JIB HEAVY_GNK SPI) :MIN-WIND 15.671279532835865d0 :MAX-WIND 24.22490790625542d0 :MIN-TWA 108 :MAX-TWA 165)
#S(ROUTESTATS :START Sat, 20 Jan 2018 12:00:00 +0100 :DURATION 0d 15h 30m :SAILS (JIB HEAVY_GNK SPI) :MIN-WIND 14.870682835961d0 :MAX-WIND 24.474416113512518d0 :MIN-TWA 104 :MAX-TWA 160)
#S(ROUTESTATS :START Sat, 20 Jan 2018 13:00:00 +0100 :DURATION 0d 15h 10m :SAILS (HEAVY_GNK JIB SPI) :MIN-WIND 13.106699257617912d0 :MAX-WIND 25.353063452418887d0 :MIN-TWA 100 :MAX-TWA 164)
#S(ROUTESTATS :START Sat, 20 Jan 2018 14:00:00 +0100 :DURATION 0d 14h 50m :SAILS (HEAVY_GNK JIB) :MIN-WIND 15.918192840206d0 :MAX-WIND 28.481801915976995d0 :MIN-TWA 97 :MAX-TWA 160)
Error: The value of TWA is -179.999991567066d0, which is not of type ANGLE., parameters were #S(ROUTING :FORECAST-BUNDLE NOAA-BUNDLE :POLARS maxi_trimaran_x10percent :STARTTIME Sat, 20 Jan 2018 15:00:00 +0100 :STARTTIMEZONE +01:00 :OPTIONS (winch foil heavy hull) :MINWIND T :START [43.246, 5.304] :DEST [36.795, 10.392] :MODE #S(CRITERION :DISTFN #<FUNCTION ROUTEPOINT-ORIGIN-DISTANCE> :COMPFN #<FUNCTION >>) :FAN 90 :ANGLE-INCREMENT 3 :MAX-POINTS-PER-ISOCHRONE 300 :STEPMAX 86400) 
#S(ROUTESTATS :START Sat, 20 Jan 2018 16:00:00 +0100 :DURATION 0d 14h 00m :SAILS (HEAVY_GNK STAYSAIL JIB) :MIN-WIND 20.654798922571064d0 :MAX-WIND 30.297934530257432d0 :MIN-TWA 97 :MAX-TWA 155)
#S(ROUTESTATS :START Sat, 20 Jan 2018 17:00:00 +0100 :DURATION 0d 14h 00m :SAILS (HEAVY_GNK STAYSAIL JIB) :MIN-WIND 21.79725125236534d0 :MAX-WIND 30.453784806744718d0 :MIN-TWA 93 :MAX-TWA 159)
#S(ROUTESTATS :START Sat, 20 Jan 2018 18:00:00 +0100 :DURATION 0d 13h 40m :SAILS (HEAVY_GNK STAYSAIL JIB) :MIN-WIND 22.057558313926155d0 :MAX-WIND 30.631852531912088d0 :MIN-TWA 105 :MAX-TWA 159)
#S(ROUTESTATS :START Sat, 20 Jan 2018 19:00:00 +0100 :DURATION 0d 13h 20m :SAILS (HEAVY_GNK JIB) :MIN-WIND 22.327179152836568d0 :MAX-WIND 31.083121355927968d0 :MIN-TWA 112 :MAX-TWA 164)
#S(ROUTESTATS :START Sat, 20 Jan 2018 20:00:00 +0100 :DURATION 0d 13h 20m :SAILS (HEAVY_GNK JIB) :MIN-WIND 22.06606117366146d0 :MAX-WIND 30.70814794311587d0 :MIN-TWA 104 :MAX-TWA 164)
#S(ROUTESTATS :START Sat, 20 Jan 2018 21:00:00 +0100 :DURATION 0d 13h 20m :SAILS (JIB HEAVY_GNK) :MIN-WIND 22.258585506872244d0 :MAX-WIND 30.78621226169345d0 :MIN-TWA 109 :MAX-TWA 155)
#S(ROUTESTATS :START Sat, 20 Jan 2018 22:00:00 +0100 :DURATION 0d 13h 00m :SAILS (HEAVY_GNK) :MIN-WIND 21.92781557763634d0 :MAX-WIND 30.701901028397053d0 :MIN-TWA 130 :MAX-TWA 160)
#S(ROUTESTATS :START Sat, 20 Jan 2018 23:00:00 +0100 :DURATION 1d 00h 00m :SAILS (SPI HEAVY_GNK) :MIN-WIND 6.4309281511995495d0 :MAX-WIND 31.731414290547917d0 :MIN-TWA 110 :MAX-TWA 164)
#S(ROUTESTATS :START Sun, 21 Jan 2018 00:00:00 +0100 :DURATION 0d 13h 10m :SAILS (HEAVY_GNK) :MIN-WIND 21.07195131703398d0 :MAX-WIND 32.50232241711846d0 :MIN-TWA 136 :MAX-TWA 160)
#S(ROUTESTATS :START Sun, 21 Jan 2018 01:00:00 +0100 :DURATION 0d 13h 40m :SAILS (JIB HEAVY_GNK) :MIN-WIND 19.011525659719656d0 :MAX-WIND 32.680905369723305d0 :MIN-TWA 114 :MAX-TWA 160)
#S(ROUTESTATS :START Sun, 21 Jan 2018 02:00:00 +0100 :DURATION 0d 13h 40m :SAILS (JIB HEAVY_GNK) :MIN-WIND 18.27512541019472d0 :MAX-WIND 32.735987669063505d0 :MIN-TWA 125 :MAX-TWA 164)
#S(ROUTESTATS :START Sun, 21 Jan 2018 03:00:00 +0100 :DURATION 0d 13h 30m :SAILS (JIB HEAVY_GNK) :MIN-WIND 17.538725160669788d0 :MAX-WIND 32.59942675780702d0 :MIN-TWA 124 :MAX-TWA 165)
#S(ROUTESTATS :START Sun, 21 Jan 2018 04:00:00 +0100 :DURATION 0d 13h 40m :SAILS (JIB HEAVY_GNK SPI) :MIN-WIND 16.80232491114485d0 :MAX-WIND 32.92456009363445d0 :MIN-TWA 101 :MAX-TWA 160)
#S(ROUTESTATS :START Sun, 21 Jan 2018 05:00:00 +0100 :DURATION 0d 13h 20m :SAILS (JIB HEAVY_GNK SPI) :MIN-WIND 16.7800498440192d0 :MAX-WIND 32.89073326962978d0 :MIN-TWA 130 :MAX-TWA 160)
#S(ROUTESTATS :START Sun, 21 Jan 2018 06:00:00 +0100 :DURATION 0d 13h 30m :SAILS (JIB HEAVY_GNK) :MIN-WIND 16.75777477689355d0 :MAX-WIND 32.94474348682396d0 :MIN-TWA 124 :MAX-TWA 165)
#S(ROUTESTATS :START Sun, 21 Jan 2018 07:00:00 +0100 :DURATION 0d 13h 40m :SAILS (JIB HEAVY_GNK) :MIN-WIND 16.735499709767904d0 :MAX-WIND 32.950846332334834d0 :MIN-TWA 126 :MAX-TWA 160)
#S(ROUTESTATS :START Sun, 21 Jan 2018 08:00:00 +0100 :DURATION 0d 13h 50m :SAILS (HEAVY_GNK) :MIN-WIND 17.11575709329989d0 :MAX-WIND 32.53757275422627d0 :MIN-TWA 132 :MAX-TWA 163)
#S(ROUTESTATS :START Sun, 21 Jan 2018 09:00:00 +0100 :DURATION 0d 13h 50m :SAILS (HEAVY_GNK) :MIN-WIND 17.49601447683189d0 :MAX-WIND 33.08880848708689d0 :MIN-TWA 142 :MAX-TWA 160)
#S(ROUTESTATS :START Sun, 21 Jan 2018 10:00:00 +0100 :DURATION 0d 13h 50m :SAILS (HEAVY_GNK) :MIN-WIND 18.885808246677158d0 :MAX-WIND 32.288154717636495d0 :MIN-TWA 134 :MAX-TWA 164)
#S(ROUTESTATS :START Sun, 21 Jan 2018 11:00:00 +0100 :DURATION 0d 13h 40m :SAILS (JIB HEAVY_GNK) :MIN-WIND 19.049519533509347d0 :MAX-WIND 33.506515445963494d0 :MIN-TWA 125 :MAX-TWA 160)
#S(ROUTESTATS :START Sun, 21 Jan 2018 12:00:00 +0100 :DURATION 0d 13h 20m :SAILS (HEAVY_GNK) :MIN-WIND 20.22276720665482d0 :MAX-WIND 35.24524473656546d0 :MIN-TWA 137 :MAX-TWA 163)
#S(ROUTESTATS :START Sun, 21 Jan 2018 13:00:00 +0100 :DURATION 0d 13h 10m :SAILS (JIB HEAVY_GNK) :MIN-WIND 21.396014879800287d0 :MAX-WIND 35.26731594362802d0 :MIN-TWA 109 :MAX-TWA 160)
#S(ROUTESTATS :START Sun, 21 Jan 2018 14:00:00 +0100 :DURATION 0d 13h 10m :SAILS (JIB HEAVY_GNK) :MIN-WIND 21.658871127888386d0 :MAX-WIND 35.29007320436866d0 :MIN-TWA 117 :MAX-TWA 165)
#S(ROUTESTATS :START Sun, 21 Jan 2018 15:00:00 +0100 :DURATION 0d 13h 10m :SAILS (JIB HEAVY_GNK) :MIN-WIND 21.921727375976484d0 :MAX-WIND 34.82417378055983d0 :MIN-TWA 105 :MAX-TWA 165)
#S(ROUTESTATS :START Sun, 21 Jan 2018 16:00:00 +0100 :DURATION 0d 13h 00m :SAILS (JIB HEAVY_GNK) :MIN-WIND 22.047698947013096d0 :MAX-WIND 35.41268521874428d0 :MIN-TWA 106 :MAX-TWA 163)
#S(ROUTESTATS :START Sun, 21 Jan 2018 17:00:00 +0100 :DURATION 0d 13h 20m :SAILS (JIB HEAVY_GNK) :MIN-WIND 22.12259639809516d0 :MAX-WIND 36.15116722128061d0 :MIN-TWA 111 :MAX-TWA 164)
#S(ROUTESTATS :START Sun, 21 Jan 2018 18:00:00 +0100 :DURATION 0d 13h 20m :SAILS (HEAVY_GNK) :MIN-WIND 22.167223517054296d0 :MAX-WIND 35.619184478559596d0 :MIN-TWA 133 :MAX-TWA 165)
#S(ROUTESTATS :START Sun, 21 Jan 2018 19:00:00 +0100 :DURATION 0d 13h 40m :SAILS (JIB HEAVY_GNK) :MIN-WIND 22.108742406275027d0 :MAX-WIND 36.40510569216138d0 :MIN-TWA 114 :MAX-TWA 161)
#S(ROUTESTATS :START Sun, 21 Jan 2018 20:00:00 +0100 :DURATION 0d 13h 40m :SAILS (JIB HEAVY_GNK) :MIN-WIND 21.632917936462604d0 :MAX-WIND 36.195728823729944d0 :MIN-TWA 122 :MAX-TWA 164)
#S(ROUTESTATS :START Sun, 21 Jan 2018 21:00:00 +0100 :DURATION 0d 14h 00m :SAILS (JIB HEAVY_GNK) :MIN-WIND 22.06048039741015d0 :MAX-WIND 36.07448132306704d0 :MIN-TWA 108 :MAX-TWA 164)
#S(ROUTESTATS :START Sun, 21 Jan 2018 22:00:00 +0100 :DURATION 1d 00h 00m :SAILS (SPI JIB HEAVY_GNK) :MIN-WIND 6.1902330011134685d0 :MAX-WIND 35.569708860384885d0 :MIN-TWA 104 :MAX-TWA 160)
#S(ROUTESTATS :START Sun, 21 Jan 2018 23:00:00 +0100 :DURATION 0d 14h 30m :SAILS (JIB HEAVY_GNK) :MIN-WIND 20.20057731950075d0 :MAX-WIND 35.576203515500964d0 :MIN-TWA 113 :MAX-TWA 165)
